<?xml version="1.0" encoding="UTF-8"?>
<!-- Generated by org.testng.reporters.JUnitXMLReporter -->
<testsuite ignored="3" hostname="LAPTOP-HIHHPDSQ" failures="2" tests="4" name="Test" time="8.253" errors="0" timestamp="2024-05-25T13:43:59 IST">
  <testcase classname="com.asssignment.test.TC05_wrongusername" name="wrongusername" time="0.184">
    <failure type="java.lang.AssertionError" message="expected [true] but found [false]">
      <![CDATA[java.lang.AssertionError: expected [true] but found [false]
at com.assigmnet.source.loginpage3.username_(loginpage3.java:29)
at com.asssignment.test.TC05_wrongusername.wrongusername(TC05_wrongusername.java:15)
at java.base/java.util.concurrent.ThreadPoolExecutor.runWorker(ThreadPoolExecutor.java:1136)
at java.base/java.util.concurrent.ThreadPoolExecutor$Worker.run(ThreadPoolExecutor.java:635)
at java.base/java.lang.Thread.run(Thread.java:833)
... Removed 14 stack frames]]>
    </failure>
  </testcase> <!-- wrongusername -->
  <testcase classname="com.asssignment.test.TC02_Amounttablesort" name="amountsort" time="1.085"/>
  <testcase classname="com.asssignment.test.TC04_Loginwithwrongpass" name="wrongpass" time="0.985">
    <failure type="java.lang.AssertionError" message="expected [true] but found [false]">
      <![CDATA[java.lang.AssertionError: expected [true] but found [false]
at com.assigmnet.source.loginpage2.pass_(loginpage2.java:34)
at com.asssignment.test.TC04_Loginwithwrongpass.wrongpass(TC04_Loginwithwrongpass.java:17)
at java.base/java.util.concurrent.ThreadPoolExecutor.runWorker(ThreadPoolExecutor.java:1136)
at java.base/java.util.concurrent.ThreadPoolExecutor$Worker.run(ThreadPoolExecutor.java:635)
at java.base/java.lang.Thread.run(Thread.java:833)
... Removed 14 stack frames]]>
    </failure>
  </testcase> <!-- wrongpass -->
  <testcase classname="com.asssignment.test.TC01_loginpage" name="loginvalidation" time="1.525"/>
  <testcase classname="com.assigmnet.source.baseclass" name="@BeforeSuite setUpSuite" time="0.0">
    <ignored/>
  </testcase> <!-- @BeforeSuite setUpSuite -->
  <testcase classname="com.assigmnet.source.baseclass" name="@BeforeSuite setUpSuite" time="0.0">
    <ignored/>
  </testcase> <!-- @BeforeSuite setUpSuite -->
  <testcase classname="com.assigmnet.source.baseclass" name="@BeforeSuite setUpSuite" time="0.0">
    <ignored/>
  </testcase> <!-- @BeforeSuite setUpSuite -->
</testsuite> <!-- Test -->
